#
# There is insufficient memory for the Java Runtime Environment to continue.
# Native memory allocation (mmap) failed to map 134217728 bytes for G1 virtual space
# Possible reasons:
#   The system is out of physical RAM or swap space
#   The process is running with CompressedOops enabled, and the Java Heap may be blocking the growth of the native heap
# Possible solutions:
#   Reduce memory load on the system
#   Increase physical memory or swap space
#   Check if swap backing store is full
#   Decrease Java heap size (-Xmx/-Xms)
#   Decrease number of Java threads
#   Decrease Java thread stack sizes (-Xss)
#   Set larger code cache with -XX:ReservedCodeCacheSize=
#   JVM is running with Unscaled Compressed Oops mode in which the Java heap is
#     placed in the first 4GB address space. The Java Heap base address is the
#     maximum limit for the native heap growth. Please use -XX:HeapBaseMinAddress
#     to set the Java Heap base and to place the Java Heap above 4GB virtual address.
# This output file may be truncated or incomplete.
#
#  Out of Memory Error (os_windows.cpp:3550), pid=4568, tid=7852
#
# JRE version:  (17.0.6+9) (build )
# Java VM: Java HotSpot(TM) 64-Bit Server VM (17.0.6+9-LTS-190, mixed mode, sharing, tiered, compressed oops, compressed class ptrs, g1 gc, windows-amd64)
# No core dump will be written. Minidumps are not enabled by default on client versions of Windows
#

---------------  S U M M A R Y ------------

Command Line: -Dfile.encoding=UTF-8 -XX:+ShowCodeDetailsInExceptionMessages edu.java.view.MemberView

Host: Intel(R) Core(TM) i5-8250U CPU @ 1.60GHz, 8 cores, 7G,  Windows 10 , 64 bit Build 19041 (10.0.19041.2788)
Time: Mon Apr 17 01:29:43 2023  Windows 10 , 64 bit Build 19041 (10.0.19041.2788) elapsed time: 0.016386 seconds (0d 0h 0m 0s)

---------------  T H R E A D  ---------------

Current thread (0x000002b6f80f9a60):  JavaThread "Unknown thread" [_thread_in_vm, id=7852, stack(0x000000d866100000,0x000000d866200000)]

Stack: [0x000000d866100000,0x000000d866200000]
Native frames: (J=compiled Java code, j=interpreted, Vv=VM code, C=native code)
V  [jvm.dll+0x6734ea]
V  [jvm.dll+0x7d18f4]
V  [jvm.dll+0x7d309e]
V  [jvm.dll+0x7d3703]
V  [jvm.dll+0x2433c5]
V  [jvm.dll+0x6703f9]
V  [jvm.dll+0x664d32]
V  [jvm.dll+0x300086]
V  [jvm.dll+0x307606]
V  [jvm.dll+0x356c1e]
V  [jvm.dll+0x356e4f]
V  [jvm.dll+0x2d72e8]
V  [jvm.dll+0x2d8254]
V  [jvm.dll+0x7a33b1]
V  [jvm.dll+0x3647f1]
V  [jvm.dll+0x782839]
V  [jvm.dll+0x3e757f]
V  [jvm.dll+0x3e9001]
C  [jli.dll+0x5297]
C  [ucrtbase.dll+0x21bb2]
C  [KERNEL32.DLL+0x17604]
C  [ntdll.dll+0x526a1]


---------------  P R O C E S S  ---------------

Threads class SMR info:
_java_thread_list=0x00007ffa87b0e958, length=0, elements={
}

Java Threads: ( => current thread )

Other Threads:
  0x000002b6f8154ae0 GCTaskThread "GC Thread#0" [stack: 0x000000d866200000,0x000000d866300000] [id=8724]
  0x000002b6f8167e30 ConcurrentGCThread "G1 Main Marker" [stack: 0x000000d866300000,0x000000d866400000] [id=11296]
  0x000002b6f8168750 ConcurrentGCThread "G1 Conc#0" [stack: 0x000000d866400000,0x000000d866500000] [id=8736]

[error occurred during error reporting (printing all threads), id 0xc0000005, EXCEPTION_ACCESS_VIOLATION (0xc0000005) at pc=0x00007ffa87347f07]

VM state: not at safepoint (not fully initialized)

VM Mutex/Monitor currently owned by a thread:  ([mutex/lock_event])
[0x000002b6f80f5330] Heap_lock - owner thread: 0x000002b6f80f9a60

Heap address: 0x0000000081600000, size: 2026 MB, Compressed Oops mode: 32-bit

CDS archive(s) mapped at: [0x0000000000000000-0x0000000000000000-0x0000000000000000), size 0, SharedBaseAddress: 0x0000000800000000, ArchiveRelocationMode: 0.
Narrow klass base: 0x0000000000000000, Narrow klass shift: 0, Narrow klass range: 0x0

GC Precious Log:
<Empty>

Heap:
 garbage-first heap   total 0K, used 0K [0x0000000081600000, 0x0000000100000000)
  region size 1024K, 0 young (0K), 0 survivors (0K)

[error occurred during error reporting (printing heap information), id 0xc0000005, EXCEPTION_ACCESS_VIOLATION (0xc0000005) at pc=0x00007ffa8772c759]

GC Heap History (0 events):
No events

Deoptimization events (0 events):
No events

Classes unloaded (0 events):
No events

Classes redefined (0 events):
No events

Internal exceptions (0 events):
No events

VM Operations (0 events):
No events

Events (1 events):
Event: 0.008 Loaded shared library C:\Program Files\Java\jdk-17\bin\java.dll


Dynamic libraries:
0x00007ff68fc20000 - 0x00007ff68fc30000 	C:\Program Files\Java\jdk-17\bin\javaw.exe
0x00007ffac0010000 - 0x00007ffac0208000 	C:\WINDOWS\SYSTEM32\ntdll.dll
0x00007ffabfc50000 - 0x00007ffabfd0f000 	C:\WINDOWS\System32\KERNEL32.DLL
0x00007ffabd7d0000 - 0x00007ffabdaaa000 	C:\WINDOWS\System32\KERNELBASE.dll
0x00007ffabdea0000 - 0x00007ffabdfa0000 	C:\WINDOWS\System32\ucrtbase.dll
0x00007ffab72a0000 - 0x00007ffab72b8000 	C:\Program Files\Java\jdk-17\bin\jli.dll
0x00007ffa9f6c0000 - 0x00007ffa9f6db000 	C:\Program Files\Java\jdk-17\bin\VCRUNTIME140.dll
0x00007ffabe4e0000 - 0x00007ffabe58e000 	C:\WINDOWS\System32\ADVAPI32.dll
0x00007ffabe270000 - 0x00007ffabe30e000 	C:\WINDOWS\System32\msvcrt.dll
0x00007ffabe440000 - 0x00007ffabe4dc000 	C:\WINDOWS\System32\sechost.dll
0x00007ffabe310000 - 0x00007ffabe436000 	C:\WINDOWS\System32\RPCRT4.dll
0x00007ffabfd10000 - 0x00007ffabfead000 	C:\WINDOWS\System32\USER32.dll
0x00007ffabdfa0000 - 0x00007ffabdfc2000 	C:\WINDOWS\System32\win32u.dll
0x00007ffabffa0000 - 0x00007ffabffcb000 	C:\WINDOWS\System32\GDI32.dll
0x00007ffabdab0000 - 0x00007ffabdbc0000 	C:\WINDOWS\System32\gdi32full.dll
0x00007ffa9a430000 - 0x00007ffa9a6ca000 	C:\WINDOWS\WinSxS\amd64_microsoft.windows.common-controls_6595b64144ccf1df_6.0.19041.1110_none_60b5254171f9507e\COMCTL32.dll
0x00007ffabdfd0000 - 0x00007ffabe06d000 	C:\WINDOWS\System32\msvcp_win.dll
0x00007ffab6860000 - 0x00007ffab686a000 	C:\WINDOWS\SYSTEM32\VERSION.dll
0x00007ffabe140000 - 0x00007ffabe170000 	C:\WINDOWS\System32\IMM32.DLL
0x00007ffab4c70000 - 0x00007ffab4c7c000 	C:\Program Files\Java\jdk-17\bin\vcruntime140_1.dll
0x00007ffa8d8f0000 - 0x00007ffa8d97e000 	C:\Program Files\Java\jdk-17\bin\msvcp140.dll
0x00007ffa87060000 - 0x00007ffa87c37000 	C:\Program Files\Java\jdk-17\bin\server\jvm.dll
0x00007ffabf8d0000 - 0x00007ffabf8d8000 	C:\WINDOWS\System32\PSAPI.DLL
0x00007ffaa10c0000 - 0x00007ffaa10e7000 	C:\WINDOWS\SYSTEM32\WINMM.dll
0x00007ffaa1ca0000 - 0x00007ffaa1ca9000 	C:\WINDOWS\SYSTEM32\WSOCK32.dll
0x00007ffabfb30000 - 0x00007ffabfb9b000 	C:\WINDOWS\System32\WS2_32.dll
0x00007ffabbf70000 - 0x00007ffabbf82000 	C:\WINDOWS\SYSTEM32\kernel.appcore.dll
0x00007ffab63b0000 - 0x00007ffab63ba000 	C:\Program Files\Java\jdk-17\bin\jimage.dll
0x00007ffabb4f0000 - 0x00007ffabb6d4000 	C:\WINDOWS\SYSTEM32\DBGHELP.DLL
0x00007ffaac160000 - 0x00007ffaac194000 	C:\WINDOWS\SYSTEM32\dbgcore.DLL
0x00007ffabdd70000 - 0x00007ffabddf2000 	C:\WINDOWS\System32\bcryptPrimitives.dll
0x00007ffa98b10000 - 0x00007ffa98b35000 	C:\Program Files\Java\jdk-17\bin\java.dll

dbghelp: loaded successfully - version: 4.0.5 - missing functions: none
symbol engine: initialized successfully - sym options: 0x614 - pdb path: .;C:\Program Files\Java\jdk-17\bin;C:\WINDOWS\SYSTEM32;C:\WINDOWS\WinSxS\amd64_microsoft.windows.common-controls_6595b64144ccf1df_6.0.19041.1110_none_60b5254171f9507e;C:\Program Files\Java\jdk-17\bin\server

VM Arguments:
jvm_args: -Dfile.encoding=UTF-8 -XX:+ShowCodeDetailsInExceptionMessages 
java_command: edu.java.view.MemberView
java_class_path (initial): D:\Git\individual_project\individual_project\bin;D:\Git\individual_project\individual_project\lib\ojdbc11-21.9.0.0.jar
Launcher Type: SUN_STANDARD

[Global flags]
     intx CICompilerCount                          = 4                                         {product} {ergonomic}
     uint ConcGCThreads                            = 2                                         {product} {ergonomic}
     uint G1ConcRefinementThreads                  = 8                                         {product} {ergonomic}
   size_t G1HeapRegionSize                         = 1048576                                   {product} {ergonomic}
    uintx GCDrainStackTargetSize                   = 64                                        {product} {ergonomic}
   size_t InitialHeapSize                          = 134217728                                 {product} {ergonomic}
   size_t MarkStackSize                            = 4194304                                   {product} {ergonomic}
   size_t MaxHeapSize                              = 2124414976                                {product} {ergonomic}
   size_t MinHeapDeltaBytes                        = 1048576                                   {product} {ergonomic}
   size_t MinHeapSize                              = 8388608                                   {product} {ergonomic}
    uintx NonNMethodCodeHeapSize                   = 5839372                                {pd product} {ergonomic}
    uintx NonProfiledCodeHeapSize                  = 122909434                              {pd product} {ergonomic}
    uintx ProfiledCodeHeapSize                     = 122909434                              {pd product} {ergonomic}
    uintx ReservedCodeCacheSize                    = 251658240                              {pd product} {ergonomic}
     bool SegmentedCodeCache                       = true                                      {product} {ergonomic}
     bool ShowCodeDetailsInExceptionMessages       = true                                   {manageable} {command line}
   size_t SoftMaxHeapSize                          = 2124414976                             {manageable} {ergonomic}
     bool UseCompressedClassPointers               = true                           {product lp64_product} {ergonomic}
     bool UseCompressedOops                        = true                           {product lp64_product} {ergonomic}
     bool UseG1GC                                  = true                                      {product} {ergonomic}
     bool UseLargePagesIndividualAllocation        = false                                  {pd product} {ergonomic}

Logging:
Log output configuration:
 #0: stdout all=warning uptime,level,tags
 #1: stderr all=off uptime,level,tags

Environment Variables:
PATH=C:/Program Files/Java/jdk-17/bin/server;C:/Program Files/Java/jdk-17/bin;C:\app\HCS\product\21c\dbhomeXE\bin;C:\Program Files\Common Files\Oracle\Java\javapath;C:\ProgramData\Oracle\Java\javapath;C:\WINDOWS\system32;C:\WINDOWS;C:\WINDOWS\System32\Wbem;C:\WINDOWS\System32\WindowsPowerShell\v1.0\;C:\WINDOWS\System32\OpenSSH\;C:\Users\HCS\AppData\Local\Microsoft\WindowsApps;;C:\Users\HCS\Desktop;
USERNAME=HCS
OS=Windows_NT
PROCESSOR_IDENTIFIER=Intel64 Family 6 Model 142 Stepping 10, GenuineIntel



---------------  S Y S T E M  ---------------

OS:
 Windows 10 , 64 bit Build 19041 (10.0.19041.2788)
OS uptime: 0 days 2:14 hours

CPU: total 8 (initial active 8) (4 cores per cpu, 2 threads per core) family 6 model 142 stepping 10 microcode 0xb4, cx8, cmov, fxsr, ht, mmx, 3dnowpref, sse, sse2, sse3, ssse3, sse4.1, sse4.2, popcnt, lzcnt, tsc, tscinvbit, avx, avx2, aes, erms, clmul, bmi1, bmi2, adx, fma, vzeroupper, clflush, clflushopt

Memory: 4k page, system-wide physical 8101M (1183M free)
TotalPageFile size 8101M (AvailPageFile size 27M)
current process WorkingSet (physical memory assigned to process): 10M, peak: 10M
current process commit charge ("private bytes"): 60M, peak: 188M

vm_info: Java HotSpot(TM) 64-Bit Server VM (17.0.6+9-LTS-190) for windows-amd64 JRE (17.0.6+9-LTS-190), built on Dec  6 2022 15:53:54 by "mach5one" with MS VC++ 17.1 (VS2022)

END.
